<?xml version="1.0" encoding="UTF-8"?>
<!-- Generated by org.testng.reporters.JUnitXMLReporter -->
<testsuite ignored="0" hostname="DESKTOP-FQVHI6T" failures="0" tests="3" name="Test" time="67.93" errors="0" timestamp="2021-09-04T11:24:47 IST">
  <testcase classname="com.netBanking1.Testcases.TC_Add_Edit_DeleteCustomer_005" name="addingNewCustomer" time="22.245"/>
  <testcase classname="com.netBanking1.Testcases.TC_Add_Edit_DeleteCustomer_005" name="editCustomer" time="15.095"/>
  <testcase classname="com.netBanking1.Testcases.TC_Add_Edit_DeleteCustomer_005" name="deleteCustomer" time="10.407"/>
</testsuite> <!-- Test -->
