<?xml version="1.0" encoding="UTF-8"?>
<!-- Generated by org.testng.reporters.JUnitXMLReporter -->
<testsuite ignored="0" hostname="DESKTOP-FQVHI6T" failures="0" tests="3" name="Test" time="61.708" errors="0" timestamp="2021-09-03T21:30:21 IST">
  <testcase classname="com.netBanking1.Testcases.TC_Add_Edit_DeleteCustomer_005" name="addingNewCustomer" time="21.503"/>
  <testcase classname="com.netBanking1.Testcases.TC_Add_Edit_DeleteCustomer_005" name="editCustomer" time="17.421"/>
  <testcase classname="com.netBanking1.Testcases.TC_Add_Edit_DeleteCustomer_005" name="deleteCustomer" time="10.486"/>
</testsuite> <!-- Test -->
