<?xml version="1.0" encoding="UTF-8"?>
<testng-results ignored="0" total="3" passed="3" failed="0" skipped="0">
  <reporter-output>
  </reporter-output>
  <suite started-at="2021-09-04T11:23:39 IST" name="Suite" finished-at="2021-09-04T11:24:47 IST" duration-ms="67930">
    <groups>
    </groups>
    <test started-at="2021-09-04T11:23:39 IST" name="Test" finished-at="2021-09-04T11:24:47 IST" duration-ms="67930">
      <class name="com.netBanking1.Testcases.TC_Add_Edit_DeleteCustomer_005">
        <test-method is-config="true" signature="setup(java.lang.String)[pri:0, instance:com.netBanking1.Testcases.TC_Add_Edit_DeleteCustomer_005@6572421]" started-at="2021-09-04T11:23:40 IST" name="setup" finished-at="2021-09-04T11:23:58 IST" duration-ms="18298" status="PASS">
          <params>
            <param index="0">
              <value>
                <![CDATA[chrome]]>
              </value>
            </param>
          </params>
          <reporter-output>
          </reporter-output>
        </test-method> <!-- setup -->
        <test-method signature="addingNewCustomer()[pri:1, instance:com.netBanking1.Testcases.TC_Add_Edit_DeleteCustomer_005@6572421]" started-at="2021-09-04T11:23:58 IST" name="addingNewCustomer" finished-at="2021-09-04T11:24:20 IST" duration-ms="22245" status="PASS">
          <reporter-output>
          </reporter-output>
        </test-method> <!-- addingNewCustomer -->
        <test-method signature="editCustomer()[pri:2, instance:com.netBanking1.Testcases.TC_Add_Edit_DeleteCustomer_005@6572421]" started-at="2021-09-04T11:24:20 IST" name="editCustomer" finished-at="2021-09-04T11:24:35 IST" duration-ms="15095" status="PASS">
          <reporter-output>
          </reporter-output>
        </test-method> <!-- editCustomer -->
        <test-method signature="deleteCustomer()[pri:3, instance:com.netBanking1.Testcases.TC_Add_Edit_DeleteCustomer_005@6572421]" started-at="2021-09-04T11:24:35 IST" name="deleteCustomer" finished-at="2021-09-04T11:24:46 IST" duration-ms="10407" status="PASS">
          <reporter-output>
          </reporter-output>
        </test-method> <!-- deleteCustomer -->
        <test-method is-config="true" signature="tearDown()[pri:0, instance:com.netBanking1.Testcases.TC_Add_Edit_DeleteCustomer_005@6572421]" started-at="2021-09-04T11:24:46 IST" name="tearDown" finished-at="2021-09-04T11:24:47 IST" duration-ms="983" status="PASS">
          <reporter-output>
          </reporter-output>
        </test-method> <!-- tearDown -->
      </class> <!-- com.netBanking1.Testcases.TC_Add_Edit_DeleteCustomer_005 -->
    </test> <!-- Test -->
  </suite> <!-- Suite -->
</testng-results>
